<?xml version="1.0" encoding="UTF-8"?>
<!-- Generated by org.testng.reporters.JUnitReportReporter -->
<testsuite skipped="0" hostname="LAPTOP-P01DG4LS" name="com.freecrm.tests.LoginTest" tests="2" failures="0" timestamp="2021-07-31T23:14:50 IST" time="26.509" errors="0">
  <testcase name="CRMPROTitleTest" time="11.742" classname="com.freecrm.tests.LoginTest"/>
  <system-out/>
  <testcase name="CRMPROLogoTest" time="14.767" classname="com.freecrm.tests.LoginTest"/>
  <system-out/>
</testsuite> <!-- com.freecrm.tests.LoginTest -->
