<?xml version="1.0" encoding="UTF-8"?>
<!-- Generated by org.testng.reporters.JUnitReportReporter -->
<testsuite skipped="0" hostname="LAPTOP-P01DG4LS" name="com.amazon.tests.AmazonLoginTest" tests="1" failures="0" timestamp="2021-07-31T23:13:29 IST" time="14.950" errors="0">
  <testcase name="AmazonTitleTest" time="14.950" classname="com.amazon.tests.AmazonLoginTest"/>
  <system-out/>
</testsuite> <!-- com.amazon.tests.AmazonLoginTest -->
