<?xml version="1.0" encoding="UTF-8"?>
<!-- Generated by org.testng.reporters.JUnitReportReporter -->
<testsuite skipped="0" hostname="LAPTOP-P01DG4LS" name="com.freecrm.tests.LoginTest" tests="2" failures="0" timestamp="2021-07-31T23:17:05 IST" time="32.601" errors="0">
  <testcase name="CRMPROTitleTest" time="17.150" classname="com.freecrm.tests.LoginTest"/>
  <system-out/>
  <testcase name="CRMPROLogoTest" time="15.451" classname="com.freecrm.tests.LoginTest"/>
  <system-out/>
</testsuite> <!-- com.freecrm.tests.LoginTest -->
